<?xml version="1.0" encoding="UTF-8"?>
<testsuite xmlns:xsi="http://www.w3.org/2001/XMLSchema-instance" xsi:noNamespaceSchemaLocation="https://maven.apache.org/surefire/maven-surefire-plugin/xsd/surefire-test-report.xsd" version="3.0.2" name="com.example.GestorPedidos.controller.PedidoControllerTest" time="2.727" tests="5" errors="0" skipped="0" failures="0">
  <properties>
[...]
</properties>
  <testcase name="testCrearPedido_exitoso" classname="com.example.GestorPedidos.controller.PedidoControllerTest" time="0.194">
    <system-out><![CDATA[12:58:39.206 [main] INFO org.springframework.test.context.support.AnnotationConfigContextLoaderUtils -- Could not detect default configuration classes for test class [com.example.GestorPedidos.controller.PedidoControllerTest]: PedidoControllerTest does not declare any static, non-private, non-final, nested classes annotated with @Configuration.
12:58:39.337 [main] INFO org.springframework.boot.test.context.SpringBootTestContextBootstrapper -- Found @SpringBootConfiguration com.example.GestorPedidos.GestorPedidosApplication for test class com.example.GestorPedidos.controller.PedidoControllerTest

  .   ____          _            __ _ _
 /\\ / ___'_ __ _ _(_)_ __  __ _ \ \ \ \
( ( )\___ | '_ | '_| | '_ \/ _` | \ \ \ \
 \\/  ___)| |_)| | | | | || (_| |  ) ) ) )
  '  |____| .__|_| |_|_| |_\__, | / / / /
 =========|_|==============|___/=/_/_/_/

 :: Spring Boot ::                (v3.5.3)

2026-07-06T12:58:39.662-04:00  INFO 20344 --- [           main] c.e.G.controller.PedidoControllerTest    : Starting PedidoControllerTest using Java 21.0.5 with PID 20344 (started by bruno in C:\Users\bruno\tiendamascotas\full_Stack_1\GestorPedidos)
2026-07-06T12:58:39.664-04:00  INFO 20344 --- [           main] c.e.G.controller.PedidoControllerTest    : No active profile set, falling back to 1 default profile: "default"
2026-07-06T12:58:41.458-04:00  INFO 20344 --- [           main] o.s.b.t.m.w.SpringBootMockServletContext : Initializing Spring TestDispatcherServlet ''
2026-07-06T12:58:41.459-04:00  INFO 20344 --- [           main] o.s.t.web.servlet.TestDispatcherServlet  : Initializing Servlet ''
2026-07-06T12:58:41.461-04:00  INFO 20344 --- [           main] o.s.t.web.servlet.TestDispatcherServlet  : Completed initialization in 1 ms
2026-07-06T12:58:41.546-04:00  INFO 20344 --- [           main] c.e.G.controller.PedidoControllerTest    : Started PedidoControllerTest in 2.151 seconds (process running for 2.896)
]]></system-out>
    <system-err><![CDATA[Mockito is currently self-attaching to enable the inline-mock-maker. This will no longer work in future releases of the JDK. Please add Mockito as an agent to your build as described in Mockito's documentation: https://javadoc.io/doc/org.mockito/mockito-core/latest/org.mockito/org/mockito/Mockito.html#0.3
WARNING: A Java agent has been loaded dynamically (C:\Users\bruno\.m2\repository\net\bytebuddy\byte-buddy-agent\1.17.6\byte-buddy-agent-1.17.6.jar)
WARNING: If a serviceability tool is in use, please run with -XX:+EnableDynamicAgentLoading to hide this warning
WARNING: If a serviceability tool is not in use, please run with -Djdk.instrument.traceUsage for more information
WARNING: Dynamic loading of agents will be disallowed by default in a future release
]]></system-err>
  </testcase>
  <testcase name="testModificarPedido_ok" classname="com.example.GestorPedidos.controller.PedidoControllerTest" time="0.015"/>
  <testcase name="testBuscarPedidoPorId_ok" classname="com.example.GestorPedidos.controller.PedidoControllerTest" time="0.031"/>
  <testcase name="testEliminarPedidoPorId_ok" classname="com.example.GestorPedidos.controller.PedidoControllerTest" time="0.007"/>
  <testcase name="testMostrarTodosLosPedidos_ok" classname="com.example.GestorPedidos.controller.PedidoControllerTest" time="0.009"/>
</testsuite>