<?xml version="1.0" encoding="UTF-8"?>
<testsuite xmlns:xsi="http://www.w3.org/2001/XMLSchema-instance" xsi:noNamespaceSchemaLocation="https://maven.apache.org/surefire/maven-surefire-plugin/xsd/surefire-test-report.xsd" version="3.0.2" name="com.example.SoporteTecnico.SoporteTecnicoApplicationTests" time="2.328" tests="1" errors="0" skipped="0" failures="0">
  <properties>
[...]
</properties>
  <testcase name="contextLoads" classname="com.example.SoporteTecnico.SoporteTecnicoApplicationTests" time="0.003">
    <system-out><![CDATA[2026-07-06T12:54:32.036-04:00  INFO 17764 --- [           main] t.c.s.AnnotationConfigContextLoaderUtils : Could not detect default configuration classes for test class [com.example.SoporteTecnico.SoporteTecnicoApplicationTests]: SoporteTecnicoApplicationTests does not declare any static, non-private, non-final, nested classes annotated with @Configuration.
2026-07-06T12:54:32.043-04:00  INFO 17764 --- [           main] .b.t.c.SpringBootTestContextBootstrapper : Found @SpringBootConfiguration com.example.SoporteTecnico.SoporteTecnicoApplication for test class com.example.SoporteTecnico.SoporteTecnicoApplicationTests

  .   ____          _            __ _ _
 /\\ / ___'_ __ _ _(_)_ __  __ _ \ \ \ \
( ( )\___ | '_ | '_| | '_ \/ _` | \ \ \ \
 \\/  ___)| |_)| | | | | || (_| |  ) ) ) )
  '  |____| .__|_| |_|_| |_\__, | / / / /
 =========|_|==============|___/=/_/_/_/

 :: Spring Boot ::                (v3.4.6)

2026-07-06T12:54:32.073-04:00  INFO 17764 --- [           main] c.e.S.SoporteTecnicoApplicationTests     : Starting SoporteTecnicoApplicationTests using Java 21.0.5 with PID 17764 (started by bruno in C:\Users\bruno\tiendamascotas\full_Stack_1\SoporteTecnico)
2026-07-06T12:54:32.073-04:00  INFO 17764 --- [           main] c.e.S.SoporteTecnicoApplicationTests     : No active profile set, falling back to 1 default profile: "default"
2026-07-06T12:54:32.341-04:00  INFO 17764 --- [           main] .s.d.r.c.RepositoryConfigurationDelegate : Bootstrapping Spring Data JPA repositories in DEFAULT mode.
2026-07-06T12:54:32.386-04:00  INFO 17764 --- [           main] .s.d.r.c.RepositoryConfigurationDelegate : Finished Spring Data repository scanning in 32 ms. Found 3 JPA repository interfaces.
2026-07-06T12:54:32.584-04:00  INFO 17764 --- [           main] o.hibernate.jpa.internal.util.LogHelper  : HHH000204: Processing PersistenceUnitInfo [name: default]
2026-07-06T12:54:32.630-04:00  INFO 17764 --- [           main] org.hibernate.Version                    : HHH000412: Hibernate ORM core version 6.6.15.Final
2026-07-06T12:54:32.659-04:00  INFO 17764 --- [           main] o.h.c.internal.RegionFactoryInitiator    : HHH000026: Second-level cache disabled
2026-07-06T12:54:32.765-04:00  INFO 17764 --- [           main] o.s.o.j.p.SpringPersistenceUnitInfo      : No LoadTimeWeaver setup: ignoring JPA class transformer
2026-07-06T12:54:32.793-04:00  INFO 17764 --- [           main] com.zaxxer.hikari.HikariDataSource       : HikariPool-1 - Starting...
2026-07-06T12:54:32.957-04:00  INFO 17764 --- [           main] com.zaxxer.hikari.pool.HikariPool        : HikariPool-1 - Added connection conn0: url=jdbc:h2:mem:soportetecnico_testdb user=SA
2026-07-06T12:54:32.959-04:00  INFO 17764 --- [           main] com.zaxxer.hikari.HikariDataSource       : HikariPool-1 - Start completed.
2026-07-06T12:54:32.979-04:00  WARN 17764 --- [           main] org.hibernate.orm.deprecation            : HHH90000025: H2Dialect does not need to be specified explicitly using 'hibernate.dialect' (remove the property setting and it will be selected by default)
2026-07-06T12:54:32.998-04:00  INFO 17764 --- [           main] org.hibernate.orm.connections.pooling    : HHH10001005: Database info:
	Database JDBC URL [Connecting through datasource 'HikariDataSource (HikariPool-1)']
	Database driver: undefined/unknown
	Database version: 2.3.232
	Autocommit mode: undefined/unknown
	Isolation level: undefined/unknown
	Minimum pool size: undefined/unknown
	Maximum pool size: undefined/unknown
2026-07-06T12:54:33.621-04:00  INFO 17764 --- [           main] o.h.e.t.j.p.i.JtaPlatformInitiator       : HHH000489: No JTA platform available (set 'hibernate.transaction.jta.platform' to enable JTA platform integration)
2026-07-06T12:54:33.664-04:00  INFO 17764 --- [           main] j.LocalContainerEntityManagerFactoryBean : Initialized JPA EntityManagerFactory for persistence unit 'default'
2026-07-06T12:54:34.189-04:00  WARN 17764 --- [           main] JpaBaseConfiguration$JpaWebConfiguration : spring.jpa.open-in-view is enabled by default. Therefore, database queries may be performed during view rendering. Explicitly configure spring.jpa.open-in-view to disable this warning
2026-07-06T12:54:34.358-04:00  INFO 17764 --- [           main] c.e.S.SoporteTecnicoApplicationTests     : Started SoporteTecnicoApplicationTests in 2.311 seconds (process running for 6.33)
]]></system-out>
  </testcase>
</testsuite>